
=== Tue Aug 16 21:54:16 2022

Packages were changed.
Update Mode: updateDependencies

The following packages were updated:
  com.unity.collab-proxy from version 1.15.4 to 1.17.1
  com.unity.ide.rider from version 3.0.7 to 3.0.15
  com.unity.ide.visualstudio from version 2.0.12 to 2.0.16
  com.unity.ide.vscode from version 1.2.4 to 1.2.5
  com.unity.test-framework from version 1.1.29 to 1.1.31
  com.unity.timeline from version 1.6.3 to 1.6.4
  com.unity.visualscripting from version 1.7.6 to 1.7.8

=== Tue Aug 16 23:14:16 2022

Packages were changed.
Update Mode: updateDependencies

The following packages were updated:
  com.unity.collab-proxy from version 1.15.4 to 1.17.1
  com.unity.ide.rider from version 3.0.7 to 3.0.15
  com.unity.ide.visualstudio from version 2.0.12 to 2.0.16
  com.unity.ide.vscode from version 1.2.4 to 1.2.5
  com.unity.test-framework from version 1.1.29 to 1.1.31
  com.unity.timeline from version 1.6.3 to 1.6.4
  com.unity.visualscripting from version 1.7.6 to 1.7.8

=== Sat Aug 20 11:38:45 2022

Packages were changed.
Update Mode: updateDependencies

The following packages were updated:
  com.unity.collab-proxy from version 1.15.4 to 1.17.1
  com.unity.ide.rider from version 3.0.7 to 3.0.15
  com.unity.ide.visualstudio from version 2.0.12 to 2.0.16
  com.unity.ide.vscode from version 1.2.4 to 1.2.5
  com.unity.test-framework from version 1.1.29 to 1.1.31
  com.unity.timeline from version 1.6.3 to 1.6.4
  com.unity.visualscripting from version 1.7.6 to 1.7.8

=== Mon Aug 22 14:23:06 2022

Packages were changed.
Update Mode: updateDependencies

The following packages were updated:
  com.unity.collab-proxy from version 1.15.4 to 1.17.1
  com.unity.ide.rider from version 3.0.7 to 3.0.15
  com.unity.ide.visualstudio from version 2.0.12 to 2.0.16
  com.unity.ide.vscode from version 1.2.4 to 1.2.5
  com.unity.test-framework from version 1.1.29 to 1.1.31
  com.unity.timeline from version 1.6.3 to 1.6.4
  com.unity.visualscripting from version 1.7.6 to 1.7.8

=== Thu Aug 25 00:24:16 2022

Packages were changed.
Update Mode: updateDependencies

The following packages were updated:
  com.unity.collab-proxy from version 1.15.4 to 1.17.1
  com.unity.ide.rider from version 3.0.7 to 3.0.15
  com.unity.ide.visualstudio from version 2.0.12 to 2.0.16
  com.unity.ide.vscode from version 1.2.4 to 1.2.5
  com.unity.test-framework from version 1.1.29 to 1.1.31
  com.unity.timeline from version 1.6.3 to 1.6.4
  com.unity.visualscripting from version 1.7.6 to 1.7.8

=== Sat Aug 27 13:38:41 2022

Packages were changed.
Update Mode: updateDependencies

The following packages were updated:
  com.unity.collab-proxy from version 1.15.4 to 1.17.1
  com.unity.ide.rider from version 3.0.7 to 3.0.15
  com.unity.ide.visualstudio from version 2.0.12 to 2.0.16
  com.unity.ide.vscode from version 1.2.4 to 1.2.5
  com.unity.test-framework from version 1.1.29 to 1.1.31
  com.unity.timeline from version 1.6.3 to 1.6.4
  com.unity.visualscripting from version 1.7.6 to 1.7.8

=== Tue Aug 30 22:10:37 2022

Packages were changed.
Update Mode: updateDependencies

The following packages were updated:
  com.unity.collab-proxy from version 1.15.4 to 1.17.1
  com.unity.ide.rider from version 3.0.7 to 3.0.15
  com.unity.ide.visualstudio from version 2.0.12 to 2.0.16
  com.unity.ide.vscode from version 1.2.4 to 1.2.5
  com.unity.inputsystem from version 1.2.0 to 1.3.0
  com.unity.test-framework from version 1.1.29 to 1.1.31
  com.unity.timeline from version 1.6.3 to 1.6.4
  com.unity.visualscripting from version 1.7.6 to 1.7.8

=== Mon Sep 12 00:56:39 2022

Packages were changed.
Update Mode: updateDependencies

The following packages were updated:
  com.unity.render-pipelines.universal from version 12.1.2 to 12.1.7

=== Tue Sep 13 00:28:59 2022

Packages were changed.
Update Mode: updateDependencies

The following packages were updated:
  com.unity.collab-proxy from version 1.17.1 to 1.17.2
  com.unity.inputsystem from version 1.3.0 to 1.4.1
